2019-11-06 10:39:36,449 - log\train.log - INFO - num_words      :	4412
2019-11-06 10:39:36,449 - log\train.log - INFO - word_dim       :	100
2019-11-06 10:39:36,449 - log\train.log - INFO - num_tags       :	13
2019-11-06 10:39:36,449 - log\train.log - INFO - seg_dim        :	20
2019-11-06 10:39:36,449 - log\train.log - INFO - lstm_dim       :	100
2019-11-06 10:39:36,449 - log\train.log - INFO - batch_size     :	120
2019-11-06 10:39:36,449 - log\train.log - INFO - optimizer      :	adam
2019-11-06 10:39:36,449 - log\train.log - INFO - emb_file       :	data\wiki_100.utf8
2019-11-06 10:39:36,450 - log\train.log - INFO - clip           :	5.0
2019-11-06 10:39:36,450 - log\train.log - INFO - dropout_keep   :	0.5
2019-11-06 10:39:36,450 - log\train.log - INFO - lr             :	0.001
2019-11-06 10:39:36,450 - log\train.log - INFO - tag_schema     :	BIOES
2019-11-06 10:39:36,450 - log\train.log - INFO - pre_emb        :	True
2019-11-06 10:39:38,570 - log\train.log - INFO - 重新训练模型
2019-11-06 10:39:40,189 - log\train.log - INFO - 加载词向量成功
2019-11-06 10:39:40,189 - log\train.log - INFO - 开始训练
2019-11-06 10:40:01,266 - log\train.log - INFO - iteration:1 step100/174,NER loss:31.358389
2019-11-06 10:40:13,712 - log\train.log - INFO - evaluate:dev
2019-11-06 10:40:17,713 - log\train.log - INFO - processed 109870 tokens with 3819 phrases; found: 3862 phrases; correct: 903.

2019-11-06 10:40:17,714 - log\train.log - INFO - accuracy:  92.79%; precision:  23.38%; recall:  23.64%; FB1:  23.51

2019-11-06 10:40:17,714 - log\train.log - INFO -               LOC: precision:  30.28%; recall:  37.21%; FB1:  33.39  2398

2019-11-06 10:40:17,714 - log\train.log - INFO -               ORG: precision:  18.76%; recall:  16.26%; FB1:  17.42  853

2019-11-06 10:40:17,714 - log\train.log - INFO -               PER: precision:   2.78%; recall:   1.92%; FB1:   2.27  611

2019-11-06 10:40:17,832 - log\train.log - INFO - new best dev f1 socre:23.510
2019-11-06 10:40:18,137 - log\train.log - INFO - 模型已经保存
2019-11-06 10:40:18,137 - log\train.log - INFO - evaluate:test
2019-11-06 10:40:25,502 - log\train.log - INFO - processed 219197 tokens with 7707 phrases; found: 8169 phrases; correct: 1822.

2019-11-06 10:40:25,502 - log\train.log - INFO - accuracy:  92.72%; precision:  22.30%; recall:  23.64%; FB1:  22.95

2019-11-06 10:40:25,502 - log\train.log - INFO -               LOC: precision:  28.55%; recall:  38.24%; FB1:  32.69  4900

2019-11-06 10:40:25,502 - log\train.log - INFO -               ORG: precision:  18.44%; recall:  15.70%; FB1:  16.96  1860

2019-11-06 10:40:25,502 - log\train.log - INFO -               PER: precision:   5.68%; recall:   4.29%; FB1:   4.89  1409

2019-11-06 10:40:25,622 - log\train.log - INFO - new best test f1 score:22.950
2019-11-06 10:40:30,353 - log\train.log - INFO - iteration:2 step26/174,NER loss:13.807361
2019-11-06 10:40:49,711 - log\train.log - INFO - iteration:2 step126/174,NER loss: 9.343285
2019-11-06 10:40:57,382 - log\train.log - INFO - evaluate:dev
2019-11-06 10:41:01,115 - log\train.log - INFO - processed 109870 tokens with 3819 phrases; found: 3496 phrases; correct: 2258.

2019-11-06 10:41:01,115 - log\train.log - INFO - accuracy:  95.95%; precision:  64.59%; recall:  59.13%; FB1:  61.74

2019-11-06 10:41:01,115 - log\train.log - INFO -               LOC: precision:  70.20%; recall:  60.48%; FB1:  64.98  1681

2019-11-06 10:41:01,115 - log\train.log - INFO -               ORG: precision:  51.84%; recall:  53.05%; FB1:  52.44  1007

2019-11-06 10:41:01,115 - log\train.log - INFO -               PER: precision:  68.81%; recall:  62.90%; FB1:  65.72  808

2019-11-06 10:41:01,189 - log\train.log - INFO - new best dev f1 socre:61.740
2019-11-06 10:41:01,412 - log\train.log - INFO - 模型已经保存
2019-11-06 10:41:01,412 - log\train.log - INFO - evaluate:test
2019-11-06 10:41:08,919 - log\train.log - INFO - processed 219197 tokens with 7707 phrases; found: 7275 phrases; correct: 4722.

2019-11-06 10:41:08,919 - log\train.log - INFO - accuracy:  95.95%; precision:  64.91%; recall:  61.27%; FB1:  63.04

2019-11-06 10:41:08,920 - log\train.log - INFO -               LOC: precision:  69.23%; recall:  62.06%; FB1:  65.45  3279

2019-11-06 10:41:08,920 - log\train.log - INFO -               ORG: precision:  54.16%; recall:  54.51%; FB1:  54.33  2199

2019-11-06 10:41:08,920 - log\train.log - INFO -               PER: precision:  70.17%; recall:  67.65%; FB1:  68.89  1797

2019-11-06 10:41:08,997 - log\train.log - INFO - new best test f1 score:63.040
2019-11-06 10:41:15,520 - log\train.log - INFO - iteration:3 step52/174,NER loss: 6.477823
2019-11-06 10:41:36,290 - log\train.log - INFO - iteration:3 step152/174,NER loss: 6.719614
2019-11-06 10:41:40,029 - log\train.log - INFO - evaluate:dev
2019-11-06 10:41:43,982 - log\train.log - INFO - processed 109870 tokens with 3819 phrases; found: 3511 phrases; correct: 2623.

2019-11-06 10:41:43,982 - log\train.log - INFO - accuracy:  96.77%; precision:  74.71%; recall:  68.68%; FB1:  71.57

2019-11-06 10:41:43,982 - log\train.log - INFO -               LOC: precision:  76.29%; recall:  72.58%; FB1:  74.39  1856

2019-11-06 10:41:43,982 - log\train.log - INFO -               ORG: precision:  65.02%; recall:  58.74%; FB1:  61.72  889

2019-11-06 10:41:43,982 - log\train.log - INFO -               PER: precision:  82.11%; recall:  71.15%; FB1:  76.24  766

2019-11-06 10:41:44,060 - log\train.log - INFO - new best dev f1 socre:71.570
2019-11-06 10:41:44,274 - log\train.log - INFO - 模型已经保存
2019-11-06 10:41:44,275 - log\train.log - INFO - evaluate:test
2019-11-06 10:41:52,263 - log\train.log - INFO - processed 219197 tokens with 7707 phrases; found: 7170 phrases; correct: 5285.

2019-11-06 10:41:52,264 - log\train.log - INFO - accuracy:  96.66%; precision:  73.71%; recall:  68.57%; FB1:  71.05

2019-11-06 10:41:52,264 - log\train.log - INFO -               LOC: precision:  74.54%; recall:  71.38%; FB1:  72.92  3503

2019-11-06 10:41:52,264 - log\train.log - INFO -               ORG: precision:  64.81%; recall:  58.49%; FB1:  61.49  1972

2019-11-06 10:41:52,264 - log\train.log - INFO -               PER: precision:  82.36%; recall:  74.89%; FB1:  78.45  1695

2019-11-06 10:41:52,345 - log\train.log - INFO - new best test f1 score:71.050
2019-11-06 10:42:05,188 - log\train.log - INFO - iteration:4 step78/174,NER loss: 5.136877
2019-11-06 10:42:26,381 - log\train.log - INFO - evaluate:dev
2019-11-06 10:42:30,286 - log\train.log - INFO - processed 109870 tokens with 3819 phrases; found: 3850 phrases; correct: 2896.

2019-11-06 10:42:30,286 - log\train.log - INFO - accuracy:  96.99%; precision:  75.22%; recall:  75.83%; FB1:  75.52

2019-11-06 10:42:30,286 - log\train.log - INFO -               LOC: precision:  78.50%; recall:  78.78%; FB1:  78.64  1958

2019-11-06 10:42:30,286 - log\train.log - INFO -               ORG: precision:  65.08%; recall:  67.99%; FB1:  66.50  1028

2019-11-06 10:42:30,286 - log\train.log - INFO -               PER: precision:  79.86%; recall:  78.05%; FB1:  78.95  864

2019-11-06 10:42:30,362 - log\train.log - INFO - new best dev f1 socre:75.520
2019-11-06 10:42:30,569 - log\train.log - INFO - 模型已经保存
2019-11-06 10:42:30,569 - log\train.log - INFO - evaluate:test
2019-11-06 10:42:38,548 - log\train.log - INFO - processed 219197 tokens with 7707 phrases; found: 7909 phrases; correct: 5863.

2019-11-06 10:42:38,548 - log\train.log - INFO - accuracy:  96.85%; precision:  74.13%; recall:  76.07%; FB1:  75.09

2019-11-06 10:42:38,548 - log\train.log - INFO -               LOC: precision:  76.53%; recall:  78.08%; FB1:  77.29  3732

2019-11-06 10:42:38,549 - log\train.log - INFO -               ORG: precision:  64.31%; recall:  68.19%; FB1:  66.19  2317

2019-11-06 10:42:38,549 - log\train.log - INFO -               PER: precision:  81.56%; recall:  81.38%; FB1:  81.47  1860

2019-11-06 10:42:38,626 - log\train.log - INFO - new best test f1 score:75.090
2019-11-06 10:42:39,076 - log\train.log - INFO - iteration:5 step4/174,NER loss: 4.832559
2019-11-06 10:42:56,577 - log\train.log - INFO - iteration:5 step104/174,NER loss: 3.980515
2019-11-06 10:43:15,138 - log\train.log - INFO - evaluate:dev
2019-11-06 10:43:19,274 - log\train.log - INFO - processed 109870 tokens with 3819 phrases; found: 3719 phrases; correct: 2973.

2019-11-06 10:43:19,274 - log\train.log - INFO - accuracy:  97.42%; precision:  79.94%; recall:  77.85%; FB1:  78.88

2019-11-06 10:43:19,274 - log\train.log - INFO -               LOC: precision:  81.36%; recall:  81.65%; FB1:  81.50  1958

2019-11-06 10:43:19,274 - log\train.log - INFO -               ORG: precision:  73.46%; recall:  69.21%; FB1:  71.27  927

2019-11-06 10:43:19,274 - log\train.log - INFO -               PER: precision:  83.81%; recall:  79.07%; FB1:  81.37  834

2019-11-06 10:43:19,358 - log\train.log - INFO - new best dev f1 socre:78.880
2019-11-06 10:43:19,598 - log\train.log - INFO - 模型已经保存
2019-11-06 10:43:19,599 - log\train.log - INFO - evaluate:test
2019-11-06 10:43:27,707 - log\train.log - INFO - processed 219197 tokens with 7707 phrases; found: 7613 phrases; correct: 6012.

2019-11-06 10:43:27,707 - log\train.log - INFO - accuracy:  97.30%; precision:  78.97%; recall:  78.01%; FB1:  78.49

2019-11-06 10:43:27,707 - log\train.log - INFO -               LOC: precision:  79.62%; recall:  80.95%; FB1:  80.28  3719

2019-11-06 10:43:27,707 - log\train.log - INFO -               ORG: precision:  72.32%; recall:  69.70%; FB1:  70.99  2106

2019-11-06 10:43:27,707 - log\train.log - INFO -               PER: precision:  85.46%; recall:  81.97%; FB1:  83.68  1788

2019-11-06 10:43:27,795 - log\train.log - INFO - new best test f1 score:78.490
2019-11-06 10:43:32,756 - log\train.log - INFO - iteration:6 step30/174,NER loss: 4.261959
2019-11-06 10:43:50,092 - log\train.log - INFO - iteration:6 step130/174,NER loss: 3.378140
2019-11-06 10:44:02,639 - log\train.log - INFO - evaluate:dev
2019-11-06 10:44:06,594 - log\train.log - INFO - processed 109870 tokens with 3819 phrases; found: 3621 phrases; correct: 3015.

2019-11-06 10:44:06,594 - log\train.log - INFO - accuracy:  97.61%; precision:  83.26%; recall:  78.95%; FB1:  81.05

2019-11-06 10:44:06,594 - log\train.log - INFO -               LOC: precision:  84.99%; recall:  81.86%; FB1:  83.39  1879

2019-11-06 10:44:06,594 - log\train.log - INFO -               ORG: precision:  76.30%; recall:  71.65%; FB1:  73.90  924

2019-11-06 10:44:06,595 - log\train.log - INFO -               PER: precision:  87.16%; recall:  80.66%; FB1:  83.78  818

2019-11-06 10:44:06,680 - log\train.log - INFO - new best dev f1 socre:81.050
2019-11-06 10:44:06,894 - log\train.log - INFO - 模型已经保存
2019-11-06 10:44:06,894 - log\train.log - INFO - evaluate:test
2019-11-06 10:44:15,899 - log\train.log - INFO - processed 219197 tokens with 7707 phrases; found: 7430 phrases; correct: 6097.

2019-11-06 10:44:15,899 - log\train.log - INFO - accuracy:  97.51%; precision:  82.06%; recall:  79.11%; FB1:  80.56

2019-11-06 10:44:15,899 - log\train.log - INFO -               LOC: precision:  82.95%; recall:  81.82%; FB1:  82.38  3608

2019-11-06 10:44:15,899 - log\train.log - INFO -               ORG: precision:  75.19%; recall:  71.44%; FB1:  73.27  2076

2019-11-06 10:44:15,899 - log\train.log - INFO -               PER: precision:  88.37%; recall:  82.78%; FB1:  85.48  1746

2019-11-06 10:44:15,980 - log\train.log - INFO - new best test f1 score:80.560
2019-11-06 10:44:26,635 - log\train.log - INFO - iteration:7 step56/174,NER loss: 3.548401
2019-11-06 10:44:48,404 - log\train.log - INFO - iteration:7 step156/174,NER loss: 3.147308
2019-11-06 10:44:52,026 - log\train.log - INFO - evaluate:dev
2019-11-06 10:44:56,116 - log\train.log - INFO - processed 109870 tokens with 3819 phrases; found: 3599 phrases; correct: 3051.

2019-11-06 10:44:56,116 - log\train.log - INFO - accuracy:  97.70%; precision:  84.77%; recall:  79.89%; FB1:  82.26

2019-11-06 10:44:56,116 - log\train.log - INFO -               LOC: precision:  85.11%; recall:  84.67%; FB1:  84.89  1941

2019-11-06 10:44:56,116 - log\train.log - INFO -               ORG: precision:  81.23%; recall:  67.28%; FB1:  73.60  815

2019-11-06 10:44:56,116 - log\train.log - INFO -               PER: precision:  87.43%; recall:  83.37%; FB1:  85.35  843

2019-11-06 10:44:56,197 - log\train.log - INFO - new best dev f1 socre:82.260
2019-11-06 10:44:56,405 - log\train.log - INFO - 模型已经保存
2019-11-06 10:44:56,405 - log\train.log - INFO - evaluate:test
2019-11-06 10:45:04,664 - log\train.log - INFO - processed 219197 tokens with 7707 phrases; found: 7335 phrases; correct: 6165.

2019-11-06 10:45:04,664 - log\train.log - INFO - accuracy:  97.66%; precision:  84.05%; recall:  79.99%; FB1:  81.97

2019-11-06 10:45:04,664 - log\train.log - INFO -               LOC: precision:  83.19%; recall:  84.14%; FB1:  83.66  3700

2019-11-06 10:45:04,664 - log\train.log - INFO -               ORG: precision:  81.57%; recall:  68.65%; FB1:  74.55  1839

2019-11-06 10:45:04,664 - log\train.log - INFO -               PER: precision:  88.36%; recall:  85.14%; FB1:  86.72  1796

2019-11-06 10:45:04,750 - log\train.log - INFO - new best test f1 score:81.970
2019-11-06 10:45:24,549 - log\train.log - INFO - iteration:8 step82/174,NER loss: 3.092983
2019-11-06 10:45:41,982 - log\train.log - INFO - evaluate:dev
2019-11-06 10:45:46,346 - log\train.log - INFO - processed 109870 tokens with 3819 phrases; found: 3751 phrases; correct: 3157.

2019-11-06 10:45:46,346 - log\train.log - INFO - accuracy:  97.80%; precision:  84.16%; recall:  82.67%; FB1:  83.41

2019-11-06 10:45:46,347 - log\train.log - INFO -               LOC: precision:  85.35%; recall:  85.14%; FB1:  85.25  1946

2019-11-06 10:45:46,347 - log\train.log - INFO -               ORG: precision:  77.62%; recall:  76.12%; FB1:  76.86  965

2019-11-06 10:45:46,347 - log\train.log - INFO -               PER: precision:  88.93%; recall:  84.50%; FB1:  86.66  840

2019-11-06 10:45:46,444 - log\train.log - INFO - new best dev f1 socre:83.410
2019-11-06 10:45:46,669 - log\train.log - INFO - 模型已经保存
2019-11-06 10:45:46,669 - log\train.log - INFO - evaluate:test
2019-11-06 10:45:54,297 - log\train.log - INFO - processed 219197 tokens with 7707 phrases; found: 7716 phrases; correct: 6393.

2019-11-06 10:45:54,297 - log\train.log - INFO - accuracy:  97.68%; precision:  82.85%; recall:  82.95%; FB1:  82.90

2019-11-06 10:45:54,298 - log\train.log - INFO -               LOC: precision:  84.12%; recall:  85.32%; FB1:  84.72  3710

2019-11-06 10:45:54,298 - log\train.log - INFO -               ORG: precision:  76.03%; recall:  76.34%; FB1:  76.18  2194

2019-11-06 10:45:54,298 - log\train.log - INFO -               PER: precision:  88.52%; recall:  86.05%; FB1:  87.27  1812

2019-11-06 10:45:54,375 - log\train.log - INFO - new best test f1 score:82.900
2019-11-06 10:45:55,685 - log\train.log - INFO - iteration:9 step8/174,NER loss: 2.595623
2019-11-06 10:46:17,151 - log\train.log - INFO - iteration:9 step108/174,NER loss: 2.570762
2019-11-06 10:46:29,121 - log\train.log - INFO - evaluate:dev
2019-11-06 10:46:32,986 - log\train.log - INFO - processed 109870 tokens with 3819 phrases; found: 3747 phrases; correct: 3193.

2019-11-06 10:46:32,986 - log\train.log - INFO - accuracy:  97.93%; precision:  85.21%; recall:  83.61%; FB1:  84.40

2019-11-06 10:46:32,987 - log\train.log - INFO -               LOC: precision:  85.04%; recall:  87.39%; FB1:  86.20  2005

2019-11-06 10:46:32,987 - log\train.log - INFO -               ORG: precision:  81.05%; recall:  75.20%; FB1:  78.02  913

2019-11-06 10:46:32,987 - log\train.log - INFO -               PER: precision:  90.23%; recall:  84.62%; FB1:  87.33  829

2019-11-06 10:46:33,064 - log\train.log - INFO - new best dev f1 socre:84.400
2019-11-06 10:46:33,274 - log\train.log - INFO - 模型已经保存
2019-11-06 10:46:33,274 - log\train.log - INFO - evaluate:test
